
**** Build of configuration Debug for project Hello World ****

/Applications/ti/ccsv7/utils/bin/gmake -k -j 3 all -O 
gmake[1]: 'Hello World.out' is up to date.

**** Build Finished ****

**** Build of configuration Debug for project Hello World ****

/Applications/ti/ccsv7/utils/bin/gmake -k -j 3 all -O 
Building file: ../main.c
Invoking: MSP432 Compiler
"/Applications/ti/ccsv7/tools/compiler/ti-cgt-arm_16.9.3.LTS/bin/armcl" -mv7M4 --code_state=16 --float_support=FPv4SPD16 -me --include_path="/Applications/ti/ccsv7/ccs_base/arm/include" --include_path="/Applications/ti/ccsv7/ccs_base/arm/include/CMSIS" --include_path="/Users/andyhsu/Documents/workspace/Hello World" --include_path="/Applications/ti/ccsv7/tools/compiler/ti-cgt-arm_16.9.3.LTS/include" --advice:power=all --define=__MSP432P401R__ --define=ccs -g --gcc --diag_warning=225 --diag_wrap=off --display_error_number --abi=eabi --preproc_with_compile --preproc_dependency="main.d"  "../main.c"
"../main.c", line 33: warning #179-D: variable "button1" was declared but never referenced
"../main.c", line 34: warning #179-D: variable "button2" was declared but never referenced
"../main.c", line 46: remark #1527-D: (ULP 2.1) Detected SW delay loop using empty loop. Recommend using a timer module instead
Finished building: ../main.c
 
Building target: Hello World.out
Invoking: MSP432 Linker
"/Applications/ti/ccsv7/tools/compiler/ti-cgt-arm_16.9.3.LTS/bin/armcl" -mv7M4 --code_state=16 --float_support=FPv4SPD16 -me --advice:power=all --define=__MSP432P401R__ --define=ccs -g --gcc --diag_warning=225 --diag_wrap=off --display_error_number --abi=eabi -z -m"Hello World.map" --heap_size=1024 --stack_size=512 -i"/Applications/ti/ccsv7/ccs_base/arm/include" -i"/Applications/ti/ccsv7/tools/compiler/ti-cgt-arm_16.9.3.LTS/lib" -i"/Applications/ti/ccsv7/tools/compiler/ti-cgt-arm_16.9.3.LTS/include" --reread_libs --diag_wrap=off --display_error_number --warn_sections --xml_link_info="Hello World_linkInfo.xml" --rom_model -o "Hello World.out" "./main.obj" "./startup_msp432p401r_ccs.obj" "./system_msp432p401r.obj" "../msp432p401r.cmd"  -llibc.a 
<Linking>
remark #10371-D: (ULP 1.1) Detected no uses of low power mode state changing instructions
remark #10372-D: (ULP 4.1) Detected uninitialized Port 1 in this project. Recommend initializing all unused ports to eliminate wasted current consumption on unused pins.
remark #10372-D: (ULP 4.1) Detected uninitialized Port 2 in this project. Recommend initializing all unused ports to eliminate wasted current consumption on unused pins.
remark #10372-D: (ULP 4.1) Detected uninitialized Port 3 in this project. Recommend initializing all unused ports to eliminate wasted current consumption on unused pins.
remark #10372-D: (ULP 4.1) Detected uninitialized Port 4 in this project. Recommend initializing all unused ports to eliminate wasted current consumption on unused pins.
remark #10372-D: (ULP 4.1) Detected uninitialized Port 5 in this project. Recommend initializing all unused ports to eliminate wasted current consumption on unused pins.
remark #10372-D: (ULP 4.1) Detected uninitialized Port 6 in this project. Recommend initializing all unused ports to eliminate wasted current consumption on unused pins.
remark #10372-D: (ULP 4.1) Detected uninitialized Port 7 in this project. Recommend initializing all unused ports to eliminate wasted current consumption on unused pins.
remark #10372-D: (ULP 4.1) Detected uninitialized Port 8 in this project. Recommend initializing all unused ports to eliminate wasted current consumption on unused pins.
remark #10372-D: (ULP 4.1) Detected uninitialized Port 9 in this project. Recommend initializing all unused ports to eliminate wasted current consumption on unused pins.
remark #10372-D: (ULP 4.1) Detected uninitialized Port 10 in this project. Recommend initializing all unused ports to eliminate wasted current consumption on unused pins.
Finished building target: Hello World.out
 

**** Build Finished ****

**** Build of configuration Debug for project Hello World ****

/Applications/ti/ccsv7/utils/bin/gmake -k -j 3 all -O 
Building file: ../main.c
Invoking: MSP432 Compiler
"/Applications/ti/ccsv7/tools/compiler/ti-cgt-arm_16.9.3.LTS/bin/armcl" -mv7M4 --code_state=16 --float_support=FPv4SPD16 -me --include_path="/Applications/ti/ccsv7/ccs_base/arm/include" --include_path="/Applications/ti/ccsv7/ccs_base/arm/include/CMSIS" --include_path="/Users/andyhsu/Documents/workspace/Hello World" --include_path="/Applications/ti/ccsv7/tools/compiler/ti-cgt-arm_16.9.3.LTS/include" --advice:power=all --define=__MSP432P401R__ --define=ccs -g --gcc --diag_warning=225 --diag_wrap=off --display_error_number --abi=eabi --preproc_with_compile --preproc_dependency="main.d"  "../main.c"
"../main.c", line 44: remark #1527-D: (ULP 2.1) Detected SW delay loop using empty loop. Recommend using a timer module instead
Finished building: ../main.c
 
Building target: Hello World.out
Invoking: MSP432 Linker
"/Applications/ti/ccsv7/tools/compiler/ti-cgt-arm_16.9.3.LTS/bin/armcl" -mv7M4 --code_state=16 --float_support=FPv4SPD16 -me --advice:power=all --define=__MSP432P401R__ --define=ccs -g --gcc --diag_warning=225 --diag_wrap=off --display_error_number --abi=eabi -z -m"Hello World.map" --heap_size=1024 --stack_size=512 -i"/Applications/ti/ccsv7/ccs_base/arm/include" -i"/Applications/ti/ccsv7/tools/compiler/ti-cgt-arm_16.9.3.LTS/lib" -i"/Applications/ti/ccsv7/tools/compiler/ti-cgt-arm_16.9.3.LTS/include" --reread_libs --diag_wrap=off --display_error_number --warn_sections --xml_link_info="Hello World_linkInfo.xml" --rom_model -o "Hello World.out" "./main.obj" "./startup_msp432p401r_ccs.obj" "./system_msp432p401r.obj" "../msp432p401r.cmd"  -llibc.a 
<Linking>
remark #10371-D: (ULP 1.1) Detected no uses of low power mode state changing instructions
remark #10372-D: (ULP 4.1) Detected uninitialized Port 1 in this project. Recommend initializing all unused ports to eliminate wasted current consumption on unused pins.
remark #10372-D: (ULP 4.1) Detected uninitialized Port 2 in this project. Recommend initializing all unused ports to eliminate wasted current consumption on unused pins.
remark #10372-D: (ULP 4.1) Detected uninitialized Port 3 in this project. Recommend initializing all unused ports to eliminate wasted current consumption on unused pins.
remark #10372-D: (ULP 4.1) Detected uninitialized Port 4 in this project. Recommend initializing all unused ports to eliminate wasted current consumption on unused pins.
remark #10372-D: (ULP 4.1) Detected uninitialized Port 5 in this project. Recommend initializing all unused ports to eliminate wasted current consumption on unused pins.
remark #10372-D: (ULP 4.1) Detected uninitialized Port 6 in this project. Recommend initializing all unused ports to eliminate wasted current consumption on unused pins.
remark #10372-D: (ULP 4.1) Detected uninitialized Port 7 in this project. Recommend initializing all unused ports to eliminate wasted current consumption on unused pins.
remark #10372-D: (ULP 4.1) Detected uninitialized Port 8 in this project. Recommend initializing all unused ports to eliminate wasted current consumption on unused pins.
remark #10372-D: (ULP 4.1) Detected uninitialized Port 9 in this project. Recommend initializing all unused ports to eliminate wasted current consumption on unused pins.
remark #10372-D: (ULP 4.1) Detected uninitialized Port 10 in this project. Recommend initializing all unused ports to eliminate wasted current consumption on unused pins.
Finished building target: Hello World.out
 

**** Build Finished ****

**** Build of configuration Debug for project Hello World ****

/Applications/ti/ccsv7/utils/bin/gmake -k -j 3 all -O 
Building file: ../main.c
Invoking: MSP432 Compiler
"/Applications/ti/ccsv7/tools/compiler/ti-cgt-arm_16.9.3.LTS/bin/armcl" -mv7M4 --code_state=16 --float_support=FPv4SPD16 -me --include_path="/Applications/ti/ccsv7/ccs_base/arm/include" --include_path="/Applications/ti/ccsv7/ccs_base/arm/include/CMSIS" --include_path="/Users/andyhsu/Documents/workspace/Hello World" --include_path="/Applications/ti/ccsv7/tools/compiler/ti-cgt-arm_16.9.3.LTS/include" --advice:power=all --define=__MSP432P401R__ --define=ccs -g --gcc --diag_warning=225 --diag_wrap=off --display_error_number --abi=eabi --preproc_with_compile --preproc_dependency="main.d"  "../main.c"
"../main.c", line 44: remark #1527-D: (ULP 2.1) Detected SW delay loop using empty loop. Recommend using a timer module instead
Finished building: ../main.c
 
Building target: Hello World.out
Invoking: MSP432 Linker
"/Applications/ti/ccsv7/tools/compiler/ti-cgt-arm_16.9.3.LTS/bin/armcl" -mv7M4 --code_state=16 --float_support=FPv4SPD16 -me --advice:power=all --define=__MSP432P401R__ --define=ccs -g --gcc --diag_warning=225 --diag_wrap=off --display_error_number --abi=eabi -z -m"Hello World.map" --heap_size=1024 --stack_size=512 -i"/Applications/ti/ccsv7/ccs_base/arm/include" -i"/Applications/ti/ccsv7/tools/compiler/ti-cgt-arm_16.9.3.LTS/lib" -i"/Applications/ti/ccsv7/tools/compiler/ti-cgt-arm_16.9.3.LTS/include" --reread_libs --diag_wrap=off --display_error_number --warn_sections --xml_link_info="Hello World_linkInfo.xml" --rom_model -o "Hello World.out" "./main.obj" "./startup_msp432p401r_ccs.obj" "./system_msp432p401r.obj" "../msp432p401r.cmd"  -llibc.a 
<Linking>
remark #10371-D: (ULP 1.1) Detected no uses of low power mode state changing instructions
remark #10372-D: (ULP 4.1) Detected uninitialized Port 1 in this project. Recommend initializing all unused ports to eliminate wasted current consumption on unused pins.
remark #10372-D: (ULP 4.1) Detected uninitialized Port 2 in this project. Recommend initializing all unused ports to eliminate wasted current consumption on unused pins.
remark #10372-D: (ULP 4.1) Detected uninitialized Port 3 in this project. Recommend initializing all unused ports to eliminate wasted current consumption on unused pins.
remark #10372-D: (ULP 4.1) Detected uninitialized Port 4 in this project. Recommend initializing all unused ports to eliminate wasted current consumption on unused pins.
remark #10372-D: (ULP 4.1) Detected uninitialized Port 5 in this project. Recommend initializing all unused ports to eliminate wasted current consumption on unused pins.
remark #10372-D: (ULP 4.1) Detected uninitialized Port 6 in this project. Recommend initializing all unused ports to eliminate wasted current consumption on unused pins.
remark #10372-D: (ULP 4.1) Detected uninitialized Port 7 in this project. Recommend initializing all unused ports to eliminate wasted current consumption on unused pins.
remark #10372-D: (ULP 4.1) Detected uninitialized Port 8 in this project. Recommend initializing all unused ports to eliminate wasted current consumption on unused pins.
remark #10372-D: (ULP 4.1) Detected uninitialized Port 9 in this project. Recommend initializing all unused ports to eliminate wasted current consumption on unused pins.
remark #10372-D: (ULP 4.1) Detected uninitialized Port 10 in this project. Recommend initializing all unused ports to eliminate wasted current consumption on unused pins.
Finished building target: Hello World.out
 

**** Build Finished ****
